<?xml version="1.0" encoding="UTF-8"?>
<testsuite name="htwberlin.webtech.WebtechApplicationTests" tests="1" skipped="0" failures="0" errors="0" timestamp="2021-10-21T10:44:27" hostname="Amins-MacBook-Pro.local" time="0.265">
  <properties/>
  <testcase name="contextLoads()" classname="htwberlin.webtech.WebtechApplicationTests" time="0.265"/>
  <system-out><![CDATA[12:44:25.469 [Test worker] DEBUG org.springframework.test.context.BootstrapUtils - Instantiating CacheAwareContextLoaderDelegate from class [org.springframework.test.context.cache.DefaultCacheAwareContextLoaderDelegate]
12:44:25.479 [Test worker] DEBUG org.springframework.test.context.BootstrapUtils - Instantiating BootstrapContext using constructor [public org.springframework.test.context.support.DefaultBootstrapContext(java.lang.Class,org.springframework.test.context.CacheAwareContextLoaderDelegate)]
12:44:25.511 [Test worker] DEBUG org.springframework.test.context.BootstrapUtils - Instantiating TestContextBootstrapper for test class [htwberlin.webtech.WebtechApplicationTests] from class [org.springframework.boot.test.context.SpringBootTestContextBootstrapper]
12:44:25.519 [Test worker] INFO org.springframework.boot.test.context.SpringBootTestContextBootstrapper - Neither @ContextConfiguration nor @ContextHierarchy found for test class [htwberlin.webtech.WebtechApplicationTests], using SpringBootContextLoader
12:44:25.522 [Test worker] DEBUG org.springframework.test.context.support.AbstractContextLoader - Did not detect default resource location for test class [htwberlin.webtech.WebtechApplicationTests]: class path resource [htwberlin/webtech/WebtechApplicationTests-context.xml] does not exist
12:44:25.523 [Test worker] DEBUG org.springframework.test.context.support.AbstractContextLoader - Did not detect default resource location for test class [htwberlin.webtech.WebtechApplicationTests]: class path resource [htwberlin/webtech/WebtechApplicationTestsContext.groovy] does not exist
12:44:25.523 [Test worker] INFO org.springframework.test.context.support.AbstractContextLoader - Could not detect default resource locations for test class [htwberlin.webtech.WebtechApplicationTests]: no resource found for suffixes {-context.xml, Context.groovy}.
12:44:25.524 [Test worker] INFO org.springframework.test.context.support.AnnotationConfigContextLoaderUtils - Could not detect default configuration classes for test class [htwberlin.webtech.WebtechApplicationTests]: WebtechApplicationTests does not declare any static, non-private, non-final, nested classes annotated with @Configuration.
12:44:25.554 [Test worker] DEBUG org.springframework.test.context.support.ActiveProfilesUtils - Could not find an 'annotation declaring class' for annotation type [org.springframework.test.context.ActiveProfiles] and class [htwberlin.webtech.WebtechApplicationTests]
12:44:25.600 [Test worker] DEBUG org.springframework.context.annotation.ClassPathScanningCandidateComponentProvider - Identified candidate component class: file [/Users/aminkawy/Desktop/Studium/Webtechnologien/Web-Tech-Project/build/classes/java/main/htwberlin/webtech/WebtechApplication.class]
12:44:25.601 [Test worker] INFO org.springframework.boot.test.context.SpringBootTestContextBootstrapper - Found @SpringBootConfiguration htwberlin.webtech.WebtechApplication for test class htwberlin.webtech.WebtechApplicationTests
12:44:25.664 [Test worker] DEBUG org.springframework.boot.test.context.SpringBootTestContextBootstrapper - @TestExecutionListeners is not present for class [htwberlin.webtech.WebtechApplicationTests]: using defaults.
12:44:25.664 [Test worker] INFO org.springframework.boot.test.context.SpringBootTestContextBootstrapper - Loaded default TestExecutionListener class names from location [META-INF/spring.factories]: [org.springframework.boot.test.autoconfigure.restdocs.RestDocsTestExecutionListener, org.springframework.boot.test.autoconfigure.web.client.MockRestServiceServerResetTestExecutionListener, org.springframework.boot.test.autoconfigure.web.servlet.MockMvcPrintOnlyOnFailureTestExecutionListener, org.springframework.boot.test.autoconfigure.web.servlet.WebDriverTestExecutionListener, org.springframework.boot.test.autoconfigure.webservices.client.MockWebServiceServerTestExecutionListener, org.springframework.boot.test.mock.mockito.MockitoTestExecutionListener, org.springframework.boot.test.mock.mockito.ResetMocksTestExecutionListener, org.springframework.test.context.web.ServletTestExecutionListener, org.springframework.test.context.support.DirtiesContextBeforeModesTestExecutionListener, org.springframework.test.context.event.ApplicationEventsTestExecutionListener, org.springframework.test.context.support.DependencyInjectionTestExecutionListener, org.springframework.test.context.support.DirtiesContextTestExecutionListener, org.springframework.test.context.transaction.TransactionalTestExecutionListener, org.springframework.test.context.jdbc.SqlScriptsTestExecutionListener, org.springframework.test.context.event.EventPublishingTestExecutionListener]
12:44:25.671 [Test worker] DEBUG org.springframework.boot.test.context.SpringBootTestContextBootstrapper - Skipping candidate TestExecutionListener [org.springframework.test.context.transaction.TransactionalTestExecutionListener] due to a missing dependency. Specify custom listener classes or make the default listener classes and their required dependencies available. Offending class: [org/springframework/transaction/interceptor/TransactionAttributeSource]
12:44:25.671 [Test worker] DEBUG org.springframework.boot.test.context.SpringBootTestContextBootstrapper - Skipping candidate TestExecutionListener [org.springframework.test.context.jdbc.SqlScriptsTestExecutionListener] due to a missing dependency. Specify custom listener classes or make the default listener classes and their required dependencies available. Offending class: [org/springframework/transaction/interceptor/TransactionAttribute]
12:44:25.672 [Test worker] INFO org.springframework.boot.test.context.SpringBootTestContextBootstrapper - Using TestExecutionListeners: [org.springframework.test.context.web.ServletTestExecutionListener@7756c3cd, org.springframework.test.context.support.DirtiesContextBeforeModesTestExecutionListener@2313052e, org.springframework.test.context.event.ApplicationEventsTestExecutionListener@2bd2b28e, org.springframework.boot.test.mock.mockito.MockitoTestExecutionListener@16746061, org.springframework.boot.test.autoconfigure.SpringBootDependencyInjectionTestExecutionListener@57fd91c9, org.springframework.test.context.support.DirtiesContextTestExecutionListener@6cfcd46d, org.springframework.test.context.event.EventPublishingTestExecutionListener@52045dbe, org.springframework.boot.test.autoconfigure.restdocs.RestDocsTestExecutionListener@674658f7, org.springframework.boot.test.autoconfigure.web.client.MockRestServiceServerResetTestExecutionListener@5c8eee0f, org.springframework.boot.test.autoconfigure.web.servlet.MockMvcPrintOnlyOnFailureTestExecutionListener@565b064f, org.springframework.boot.test.autoconfigure.web.servlet.WebDriverTestExecutionListener@26425897, org.springframework.boot.test.autoconfigure.webservices.client.MockWebServiceServerTestExecutionListener@73163d48, org.springframework.boot.test.mock.mockito.ResetMocksTestExecutionListener@58c34bb3]
12:44:25.674 [Test worker] DEBUG org.springframework.test.context.support.AbstractDirtiesContextTestExecutionListener - Before test class: context [DefaultTestContext@63b1d4fa testClass = WebtechApplicationTests, testInstance = [null], testMethod = [null], testException = [null], mergedContextConfiguration = [WebMergedContextConfiguration@42e3ede4 testClass = WebtechApplicationTests, locations = '{}', classes = '{class htwberlin.webtech.WebtechApplication}', contextInitializerClasses = '[]', activeProfiles = '{}', propertySourceLocations = '{}', propertySourceProperties = '{org.springframework.boot.test.context.SpringBootTestContextBootstrapper=true}', contextCustomizers = set[org.springframework.boot.test.autoconfigure.actuate.metrics.MetricsExportContextCustomizerFactory$DisableMetricExportContextCustomizer@4278284b, org.springframework.boot.test.autoconfigure.properties.PropertyMappingContextCustomizer@0, org.springframework.boot.test.autoconfigure.web.servlet.WebDriverContextCustomizerFactory$Customizer@20435c40, org.springframework.boot.test.context.filter.ExcludeFilterContextCustomizer@488d1cd7, org.springframework.boot.test.json.DuplicateJsonObjectContextCustomizerFactory$DuplicateJsonObjectContextCustomizer@d278d2b, org.springframework.boot.test.mock.mockito.MockitoContextCustomizer@0, org.springframework.boot.test.web.client.TestRestTemplateContextCustomizer@455b6df1, org.springframework.boot.test.context.SpringBootTestArgs@1, org.springframework.boot.test.context.SpringBootTestWebEnvironment@ae13544], resourceBasePath = 'src/main/webapp', contextLoader = 'org.springframework.boot.test.context.SpringBootContextLoader', parent = [null]], attributes = map['org.springframework.test.context.web.ServletTestExecutionListener.activateListener' -> true]], class annotated with @DirtiesContext [false] with mode [null].
12:44:25.702 [Test worker] DEBUG org.springframework.test.context.support.TestPropertySourceUtils - Adding inlined properties to environment: {spring.jmx.enabled=false, org.springframework.boot.test.context.SpringBootTestContextBootstrapper=true}

  .   ____          _            __ _ _
 /\\ / ___'_ __ _ _(_)_ __  __ _ \ \ \ \
( ( )\___ | '_ | '_| | '_ \/ _` | \ \ \ \
 \\/  ___)| |_)| | | | | || (_| |  ) ) ) )
  '  |____| .__|_| |_|_| |_\__, | / / / /
 =========|_|==============|___/=/_/_/_/
 :: Spring Boot ::                (v2.5.5)

2021-10-21 12:44:25.920  INFO 6693 --- [    Test worker] h.webtech.WebtechApplicationTests        : Starting WebtechApplicationTests using Java 17 on Amins-MacBook-Pro.local with PID 6693 (started by aminkawy in /Users/aminkawy/Desktop/Studium/Webtechnologien/Web-Tech-Project)
2021-10-21 12:44:25.923  INFO 6693 --- [    Test worker] h.webtech.WebtechApplicationTests        : No active profile set, falling back to default profiles: default
2021-10-21 12:44:27.043  INFO 6693 --- [    Test worker] h.webtech.WebtechApplicationTests        : Started WebtechApplicationTests in 1.335 seconds (JVM running for 2.212)
]]></system-out>
  <system-err><![CDATA[]]></system-err>
</testsuite>
