<?xml version="1.0" encoding="UTF-8"?>
<testsuite name="htwberlin.webtech.NotizRestControllerTest" tests="3" skipped="0" failures="0" errors="0" timestamp="2022-01-09T20:33:11" hostname="Amins-MBP.fritz.box" time="0.275">
  <properties/>
  <testcase name="should return found notizen from notizen service" classname="htwberlin.webtech.NotizRestControllerTest" time="0.211"/>
  <testcase name="should return 201 http status and Location header when creating a note" classname="htwberlin.webtech.NotizRestControllerTest" time="0.052"/>
  <testcase name="should return 404 if person is not found" classname="htwberlin.webtech.NotizRestControllerTest" time="0.01"/>
  <system-out><![CDATA[21:33:09.215 [Test worker] DEBUG org.springframework.test.context.BootstrapUtils - Instantiating CacheAwareContextLoaderDelegate from class [org.springframework.test.context.cache.DefaultCacheAwareContextLoaderDelegate]
21:33:09.228 [Test worker] DEBUG org.springframework.test.context.BootstrapUtils - Instantiating BootstrapContext using constructor [public org.springframework.test.context.support.DefaultBootstrapContext(java.lang.Class,org.springframework.test.context.CacheAwareContextLoaderDelegate)]
21:33:09.269 [Test worker] DEBUG org.springframework.test.context.BootstrapUtils - Instantiating TestContextBootstrapper for test class [htwberlin.webtech.NotizRestControllerTest] from class [org.springframework.boot.test.autoconfigure.web.servlet.WebMvcTestContextBootstrapper]
21:33:09.288 [Test worker] DEBUG org.springframework.test.context.support.AbstractContextLoader - Did not detect default resource location for test class [htwberlin.webtech.NotizRestControllerTest]: class path resource [htwberlin/webtech/NotizRestControllerTest-context.xml] does not exist
21:33:09.289 [Test worker] DEBUG org.springframework.test.context.support.AbstractContextLoader - Did not detect default resource location for test class [htwberlin.webtech.NotizRestControllerTest]: class path resource [htwberlin/webtech/NotizRestControllerTestContext.groovy] does not exist
21:33:09.290 [Test worker] INFO org.springframework.test.context.support.AbstractContextLoader - Could not detect default resource locations for test class [htwberlin.webtech.NotizRestControllerTest]: no resource found for suffixes {-context.xml, Context.groovy}.
21:33:09.291 [Test worker] INFO org.springframework.test.context.support.AnnotationConfigContextLoaderUtils - Could not detect default configuration classes for test class [htwberlin.webtech.NotizRestControllerTest]: NotizRestControllerTest does not declare any static, non-private, non-final, nested classes annotated with @Configuration.
21:33:09.367 [Test worker] DEBUG org.springframework.test.context.support.ActiveProfilesUtils - Could not find an 'annotation declaring class' for annotation type [org.springframework.test.context.ActiveProfiles] and class [htwberlin.webtech.NotizRestControllerTest]
21:33:09.426 [Test worker] DEBUG org.springframework.context.annotation.ClassPathScanningCandidateComponentProvider - Identified candidate component class: file [/Users/aminkawy/Desktop/Studium/Webtechnologien/Web-Tech-Project/build/classes/java/main/htwberlin/webtech/WebtechApplication.class]
21:33:09.427 [Test worker] INFO org.springframework.boot.test.context.SpringBootTestContextBootstrapper - Found @SpringBootConfiguration HTWBERLIN.webtech.WebtechApplication for test class htwberlin.webtech.NotizRestControllerTest
21:33:09.432 [Test worker] DEBUG org.springframework.boot.test.autoconfigure.web.servlet.WebMvcTestContextBootstrapper - @TestExecutionListeners is not present for class [htwberlin.webtech.NotizRestControllerTest]: using defaults.
21:33:09.433 [Test worker] INFO org.springframework.boot.test.autoconfigure.web.servlet.WebMvcTestContextBootstrapper - Loaded default TestExecutionListener class names from location [META-INF/spring.factories]: [org.springframework.boot.test.autoconfigure.restdocs.RestDocsTestExecutionListener, org.springframework.boot.test.autoconfigure.web.client.MockRestServiceServerResetTestExecutionListener, org.springframework.boot.test.autoconfigure.web.servlet.MockMvcPrintOnlyOnFailureTestExecutionListener, org.springframework.boot.test.autoconfigure.web.servlet.WebDriverTestExecutionListener, org.springframework.boot.test.autoconfigure.webservices.client.MockWebServiceServerTestExecutionListener, org.springframework.boot.test.mock.mockito.MockitoTestExecutionListener, org.springframework.boot.test.mock.mockito.ResetMocksTestExecutionListener, org.springframework.test.context.web.ServletTestExecutionListener, org.springframework.test.context.support.DirtiesContextBeforeModesTestExecutionListener, org.springframework.test.context.event.ApplicationEventsTestExecutionListener, org.springframework.test.context.support.DependencyInjectionTestExecutionListener, org.springframework.test.context.support.DirtiesContextTestExecutionListener, org.springframework.test.context.transaction.TransactionalTestExecutionListener, org.springframework.test.context.jdbc.SqlScriptsTestExecutionListener, org.springframework.test.context.event.EventPublishingTestExecutionListener]
21:33:09.450 [Test worker] INFO org.springframework.boot.test.autoconfigure.web.servlet.WebMvcTestContextBootstrapper - Using TestExecutionListeners: [org.springframework.test.context.web.ServletTestExecutionListener@11dee337, org.springframework.test.context.support.DirtiesContextBeforeModesTestExecutionListener@460f76a6, org.springframework.test.context.event.ApplicationEventsTestExecutionListener@55f3c410, org.springframework.boot.test.mock.mockito.MockitoTestExecutionListener@11acdc30, org.springframework.boot.test.autoconfigure.SpringBootDependencyInjectionTestExecutionListener@770d4269, org.springframework.test.context.support.DirtiesContextTestExecutionListener@4a8ab068, org.springframework.test.context.transaction.TransactionalTestExecutionListener@1922e6d, org.springframework.test.context.jdbc.SqlScriptsTestExecutionListener@76a82f33, org.springframework.test.context.event.EventPublishingTestExecutionListener@6bab2585, org.springframework.boot.test.autoconfigure.restdocs.RestDocsTestExecutionListener@74bdc168, org.springframework.boot.test.autoconfigure.web.client.MockRestServiceServerResetTestExecutionListener@644c78d4, org.springframework.boot.test.autoconfigure.web.servlet.MockMvcPrintOnlyOnFailureTestExecutionListener@532a02d9, org.springframework.boot.test.autoconfigure.web.servlet.WebDriverTestExecutionListener@611f8234, org.springframework.boot.test.autoconfigure.webservices.client.MockWebServiceServerTestExecutionListener@7bb3a9fe, org.springframework.boot.test.mock.mockito.ResetMocksTestExecutionListener@7cbee484]
21:33:09.454 [Test worker] DEBUG org.springframework.test.context.support.AbstractDirtiesContextTestExecutionListener - Before test class: context [DefaultTestContext@cdc3aae testClass = NotizRestControllerTest, testInstance = [null], testMethod = [null], testException = [null], mergedContextConfiguration = [WebMergedContextConfiguration@7ef2d7a6 testClass = NotizRestControllerTest, locations = '{}', classes = '{class HTWBERLIN.webtech.WebtechApplication}', contextInitializerClasses = '[]', activeProfiles = '{}', propertySourceLocations = '{}', propertySourceProperties = '{org.springframework.boot.test.autoconfigure.web.servlet.WebMvcTestContextBootstrapper=true}', contextCustomizers = set[org.springframework.boot.test.autoconfigure.OverrideAutoConfigurationContextCustomizerFactory$DisableAutoConfigurationContextCustomizer@207b8649, org.springframework.boot.test.autoconfigure.actuate.metrics.MetricsExportContextCustomizerFactory$DisableMetricExportContextCustomizer@53d1b9b3, org.springframework.boot.test.autoconfigure.filter.TypeExcludeFiltersContextCustomizer@b52482cd, org.springframework.boot.test.autoconfigure.properties.PropertyMappingContextCustomizer@eb10c84a, org.springframework.boot.test.autoconfigure.web.servlet.WebDriverContextCustomizerFactory$Customizer@16ecee1, [ImportsContextCustomizer@5dcbb60 key = [org.springframework.boot.autoconfigure.cache.CacheAutoConfiguration, org.springframework.boot.autoconfigure.context.MessageSourceAutoConfiguration, org.springframework.boot.autoconfigure.data.web.SpringDataWebAutoConfiguration, org.springframework.boot.autoconfigure.freemarker.FreeMarkerAutoConfiguration, org.springframework.boot.autoconfigure.groovy.template.GroovyTemplateAutoConfiguration, org.springframework.boot.autoconfigure.gson.GsonAutoConfiguration, org.springframework.boot.autoconfigure.hateoas.HypermediaAutoConfiguration, org.springframework.boot.autoconfigure.http.HttpMessageConvertersAutoConfiguration, org.springframework.boot.autoconfigure.jackson.JacksonAutoConfiguration, org.springframework.boot.autoconfigure.jsonb.JsonbAutoConfiguration, org.springframework.boot.autoconfigure.mustache.MustacheAutoConfiguration, org.springframework.boot.autoconfigure.task.TaskExecutionAutoConfiguration, org.springframework.boot.autoconfigure.thymeleaf.ThymeleafAutoConfiguration, org.springframework.boot.autoconfigure.validation.ValidationAutoConfiguration, org.springframework.boot.autoconfigure.web.servlet.error.ErrorMvcAutoConfiguration, org.springframework.boot.autoconfigure.web.servlet.HttpEncodingAutoConfiguration, org.springframework.boot.autoconfigure.web.servlet.WebMvcAutoConfiguration, org.springframework.boot.test.autoconfigure.web.servlet.MockMvcAutoConfiguration, org.springframework.boot.test.autoconfigure.web.servlet.MockMvcWebClientAutoConfiguration, org.springframework.boot.test.autoconfigure.web.servlet.MockMvcWebDriverAutoConfiguration, org.springframework.boot.autoconfigure.security.oauth2.client.servlet.OAuth2ClientAutoConfiguration, org.springframework.boot.autoconfigure.security.oauth2.resource.servlet.OAuth2ResourceServerAutoConfiguration, org.springframework.boot.autoconfigure.security.servlet.SecurityAutoConfiguration, org.springframework.boot.autoconfigure.security.servlet.SecurityFilterAutoConfiguration, org.springframework.boot.autoconfigure.security.servlet.UserDetailsServiceAutoConfiguration, org.springframework.boot.test.autoconfigure.web.servlet.MockMvcSecurityConfiguration]], org.springframework.boot.test.context.filter.ExcludeFilterContextCustomizer@6bb75258, org.springframework.boot.test.json.DuplicateJsonObjectContextCustomizerFactory$DuplicateJsonObjectContextCustomizer@2783717b, org.springframework.boot.test.mock.mockito.MockitoContextCustomizer@a8b27e80, org.springframework.boot.test.context.SpringBootTestArgs@1, org.springframework.boot.test.context.SpringBootTestWebEnvironment@0], resourceBasePath = 'src/main/webapp', contextLoader = 'org.springframework.boot.test.context.SpringBootContextLoader', parent = [null]], attributes = map[[empty]]], class annotated with @DirtiesContext [false] with mode [null].
21:33:09.501 [Test worker] DEBUG org.springframework.test.context.support.TestPropertySourceUtils - Adding inlined properties to environment: {spring.jmx.enabled=false, org.springframework.boot.test.autoconfigure.web.servlet.WebMvcTestContextBootstrapper=true}

  .   ____          _            __ _ _
 /\\ / ___'_ __ _ _(_)_ __  __ _ \ \ \ \
( ( )\___ | '_ | '_| | '_ \/ _` | \ \ \ \
 \\/  ___)| |_)| | | | | || (_| |  ) ) ) )
  '  |____| .__|_| |_|_| |_\__, | / / / /
 =========|_|==============|___/=/_/_/_/
 :: Spring Boot ::                (v2.5.5)

2022-01-09 21:33:09.905  INFO 2051 --- [    Test worker] h.webtech.NotizRestControllerTest        : Starting NotizRestControllerTest using Java 11.0.13 on Amins-MBP.fritz.box with PID 2051 (started by aminkawy in /Users/aminkawy/Desktop/Studium/Webtechnologien/Web-Tech-Project)
2022-01-09 21:33:09.908  INFO 2051 --- [    Test worker] h.webtech.NotizRestControllerTest        : No active profile set, falling back to default profiles: default
2022-01-09 21:33:11.491  INFO 2051 --- [    Test worker] o.s.b.t.m.w.SpringBootMockServletContext : Initializing Spring TestDispatcherServlet ''
2022-01-09 21:33:11.491  INFO 2051 --- [    Test worker] o.s.t.web.servlet.TestDispatcherServlet  : Initializing Servlet ''
2022-01-09 21:33:11.494  INFO 2051 --- [    Test worker] o.s.t.web.servlet.TestDispatcherServlet  : Completed initialization in 3 ms
2022-01-09 21:33:11.526  INFO 2051 --- [    Test worker] h.webtech.NotizRestControllerTest        : Started NotizRestControllerTest in 2.017 seconds (JVM running for 3.105)
]]></system-out>
  <system-err><![CDATA[]]></system-err>
</testsuite>
